2022-08-18 11:16:44 warning: DebugKit is disabling itself as your host `myapps.adalovelace.es` is not in the known safe list of top-level-domains (localhost, invalid, test, example, local). If you would like to force DebugKit on use the `DebugKit.forceEnable` Configure option.
2022-08-18 11:16:44 error: [Cake\Routing\Exception\MissingRouteException] A route matching "/sqlite://127.0.0.1/tests.sqlite" could not be found. in /hosting/www/adalovelace.es/public3/vendor/cakephp/cakephp/src/Routing/RouteCollection.php on line 197
Exception Attributes: array (
  'url' => '/sqlite://127.0.0.1/tests.sqlite',
)
Stack Trace:
- /hosting/www/adalovelace.es/public3/vendor/cakephp/cakephp/src/Routing/Router.php:232
- /hosting/www/adalovelace.es/public3/vendor/cakephp/cakephp/src/Routing/Middleware/RoutingMiddleware.php:161
- /hosting/www/adalovelace.es/public3/vendor/cakephp/cakephp/src/Http/Runner.php:73
- /hosting/www/adalovelace.es/public3/vendor/cakephp/cakephp/src/Routing/Middleware/AssetMiddleware.php:77
- /hosting/www/adalovelace.es/public3/vendor/cakephp/cakephp/src/Http/Runner.php:73
- /hosting/www/adalovelace.es/public3/vendor/cakephp/cakephp/src/Error/Middleware/ErrorHandlerMiddleware.php:131
- /hosting/www/adalovelace.es/public3/vendor/cakephp/cakephp/src/Http/Runner.php:73
- /hosting/www/adalovelace.es/public3/vendor/cakephp/cakephp/src/Http/Runner.php:58
- /hosting/www/adalovelace.es/public3/vendor/cakephp/cakephp/src/Http/Server.php:90
- /hosting/www/adalovelace.es/public3/webroot/index.php:40

Request URL: /sqlite://127.0.0.1/tests.sqlite
Client IP: 139.47.24.120
2022-08-18 11:17:39 warning: DebugKit is disabling itself as your host `myapps.adalovelace.es` is not in the known safe list of top-level-domains (localhost, invalid, test, example, local). If you would like to force DebugKit on use the `DebugKit.forceEnable` Configure option.
2022-08-18 11:17:39 error: [Cake\Http\Exception\MissingControllerException] Controller class Public3 could not be found. in /hosting/www/adalovelace.es/public3/vendor/cakephp/cakephp/src/Controller/ControllerFactory.php on line 348
Exception Attributes: array (
  'class' => 'Public3',
  'plugin' => NULL,
  'prefix' => NULL,
  '_ext' => NULL,
)
Stack Trace:
- /hosting/www/adalovelace.es/public3/vendor/cakephp/cakephp/src/Controller/ControllerFactory.php:74
- /hosting/www/adalovelace.es/public3/vendor/cakephp/cakephp/src/Http/BaseApplication.php:318
- /hosting/www/adalovelace.es/public3/vendor/cakephp/cakephp/src/Http/Runner.php:77
- /hosting/www/adalovelace.es/public3/vendor/cakephp/cakephp/src/Http/Middleware/CsrfProtectionMiddleware.php:164
- /hosting/www/adalovelace.es/public3/vendor/cakephp/cakephp/src/Http/Runner.php:73
- /hosting/www/adalovelace.es/public3/vendor/cakephp/cakephp/src/Http/Middleware/BodyParserMiddleware.php:157
- /hosting/www/adalovelace.es/public3/vendor/cakephp/cakephp/src/Http/Runner.php:73
- /hosting/www/adalovelace.es/public3/vendor/cakephp/cakephp/src/Routing/Middleware/RoutingMiddleware.php:186
- /hosting/www/adalovelace.es/public3/vendor/cakephp/cakephp/src/Http/Runner.php:73
- /hosting/www/adalovelace.es/public3/vendor/cakephp/cakephp/src/Routing/Middleware/AssetMiddleware.php:77
- /hosting/www/adalovelace.es/public3/vendor/cakephp/cakephp/src/Http/Runner.php:73
- /hosting/www/adalovelace.es/public3/vendor/cakephp/cakephp/src/Error/Middleware/ErrorHandlerMiddleware.php:131
- /hosting/www/adalovelace.es/public3/vendor/cakephp/cakephp/src/Http/Runner.php:73
- /hosting/www/adalovelace.es/public3/vendor/cakephp/cakephp/src/Http/Runner.php:58
- /hosting/www/adalovelace.es/public3/vendor/cakephp/cakephp/src/Http/Server.php:90
- /hosting/www/adalovelace.es/public3/webroot/index.php:40

Request URL: /public3/sqlite://127.0.0.1/tests.sqlite
Client IP: 139.47.24.120
2022-08-18 11:32:54 warning: DebugKit is disabling itself as your host `myapps.adalovelace.es` is not in the known safe list of top-level-domains (localhost, invalid, test, example, local). If you would like to force DebugKit on use the `DebugKit.forceEnable` Configure option.
2022-08-18 11:32:55 error: [Cake\Http\Exception\MissingControllerException] Controller class Public3 could not be found. in /hosting/www/adalovelace.es/public3/vendor/cakephp/cakephp/src/Controller/ControllerFactory.php on line 348
Exception Attributes: array (
  'class' => 'Public3',
  'plugin' => NULL,
  'prefix' => NULL,
  '_ext' => NULL,
)
Stack Trace:
- /hosting/www/adalovelace.es/public3/vendor/cakephp/cakephp/src/Controller/ControllerFactory.php:74
- /hosting/www/adalovelace.es/public3/vendor/cakephp/cakephp/src/Http/BaseApplication.php:318
- /hosting/www/adalovelace.es/public3/vendor/cakephp/cakephp/src/Http/Runner.php:77
- /hosting/www/adalovelace.es/public3/vendor/cakephp/cakephp/src/Http/Middleware/CsrfProtectionMiddleware.php:164
- /hosting/www/adalovelace.es/public3/vendor/cakephp/cakephp/src/Http/Runner.php:73
- /hosting/www/adalovelace.es/public3/vendor/cakephp/cakephp/src/Http/Middleware/BodyParserMiddleware.php:157
- /hosting/www/adalovelace.es/public3/vendor/cakephp/cakephp/src/Http/Runner.php:73
- /hosting/www/adalovelace.es/public3/vendor/cakephp/cakephp/src/Routing/Middleware/RoutingMiddleware.php:186
- /hosting/www/adalovelace.es/public3/vendor/cakephp/cakephp/src/Http/Runner.php:73
- /hosting/www/adalovelace.es/public3/vendor/cakephp/cakephp/src/Routing/Middleware/AssetMiddleware.php:68
- /hosting/www/adalovelace.es/public3/vendor/cakephp/cakephp/src/Http/Runner.php:73
- /hosting/www/adalovelace.es/public3/vendor/cakephp/cakephp/src/Error/Middleware/ErrorHandlerMiddleware.php:131
- /hosting/www/adalovelace.es/public3/vendor/cakephp/cakephp/src/Http/Runner.php:73
- /hosting/www/adalovelace.es/public3/vendor/cakephp/cakephp/src/Http/Runner.php:58
- /hosting/www/adalovelace.es/public3/vendor/cakephp/cakephp/src/Http/Server.php:90
- /hosting/www/adalovelace.es/public3/webroot/index.php:40

Request URL: /public3/
Client IP: 139.47.24.120
2022-08-18 11:33:31 warning: DebugKit is disabling itself as your host `myapps.adalovelace.es` is not in the known safe list of top-level-domains (localhost, invalid, test, example, local). If you would like to force DebugKit on use the `DebugKit.forceEnable` Configure option.
2022-08-18 12:13:47 warning: DebugKit is disabling itself as your host `myapps.adalovelace.es` is not in the known safe list of top-level-domains (localhost, invalid, test, example, local). If you would like to force DebugKit on use the `DebugKit.forceEnable` Configure option.
2022-08-18 12:30:30 warning: DebugKit is disabling itself as your host `myapps.adalovelace.es` is not in the known safe list of top-level-domains (localhost, invalid, test, example, local). If you would like to force DebugKit on use the `DebugKit.forceEnable` Configure option.
2022-08-18 12:30:30 error: [Cake\Http\Exception\MissingControllerException] Controller class Demo.php could not be found. in /hosting/www/adalovelace.es/public3/vendor/cakephp/cakephp/src/Controller/ControllerFactory.php on line 348
Exception Attributes: array (
  'class' => 'Demo.php',
  'plugin' => NULL,
  'prefix' => NULL,
  '_ext' => NULL,
)
Stack Trace:
- /hosting/www/adalovelace.es/public3/vendor/cakephp/cakephp/src/Controller/ControllerFactory.php:333
- /hosting/www/adalovelace.es/public3/vendor/cakephp/cakephp/src/Controller/ControllerFactory.php:72
- /hosting/www/adalovelace.es/public3/vendor/cakephp/cakephp/src/Http/BaseApplication.php:318
- /hosting/www/adalovelace.es/public3/vendor/cakephp/cakephp/src/Http/Runner.php:77
- /hosting/www/adalovelace.es/public3/vendor/cakephp/cakephp/src/Http/Middleware/CsrfProtectionMiddleware.php:174
- /hosting/www/adalovelace.es/public3/vendor/cakephp/cakephp/src/Http/Runner.php:73
- /hosting/www/adalovelace.es/public3/vendor/cakephp/cakephp/src/Http/Middleware/BodyParserMiddleware.php:157
- /hosting/www/adalovelace.es/public3/vendor/cakephp/cakephp/src/Http/Runner.php:73
- /hosting/www/adalovelace.es/public3/vendor/cakephp/cakephp/src/Routing/Middleware/RoutingMiddleware.php:186
- /hosting/www/adalovelace.es/public3/vendor/cakephp/cakephp/src/Http/Runner.php:73
- /hosting/www/adalovelace.es/public3/vendor/cakephp/cakephp/src/Routing/Middleware/AssetMiddleware.php:77
- /hosting/www/adalovelace.es/public3/vendor/cakephp/cakephp/src/Http/Runner.php:73
- /hosting/www/adalovelace.es/public3/vendor/cakephp/cakephp/src/Error/Middleware/ErrorHandlerMiddleware.php:131
- /hosting/www/adalovelace.es/public3/vendor/cakephp/cakephp/src/Http/Runner.php:73
- /hosting/www/adalovelace.es/public3/vendor/cakephp/cakephp/src/Http/Runner.php:58
- /hosting/www/adalovelace.es/public3/vendor/cakephp/cakephp/src/Http/Server.php:90
- /hosting/www/adalovelace.es/public3/webroot/index.php:40

Request URL: /demo.php
Client IP: 139.47.24.120
2022-08-18 12:31:58 warning: DebugKit is disabling itself as your host `myapps.adalovelace.es` is not in the known safe list of top-level-domains (localhost, invalid, test, example, local). If you would like to force DebugKit on use the `DebugKit.forceEnable` Configure option.
2022-08-18 12:31:58 error: [Cake\Http\Exception\MissingControllerException] Controller class Public3 could not be found. in /hosting/www/adalovelace.es/public3/vendor/cakephp/cakephp/src/Controller/ControllerFactory.php on line 348
Exception Attributes: array (
  'class' => 'Public3',
  'plugin' => NULL,
  'prefix' => NULL,
  '_ext' => NULL,
)
Stack Trace:
- /hosting/www/adalovelace.es/public3/vendor/cakephp/cakephp/src/Controller/ControllerFactory.php:74
- /hosting/www/adalovelace.es/public3/vendor/cakephp/cakephp/src/Http/BaseApplication.php:318
- /hosting/www/adalovelace.es/public3/vendor/cakephp/cakephp/src/Http/Runner.php:77
- /hosting/www/adalovelace.es/public3/vendor/cakephp/cakephp/src/Http/Middleware/CsrfProtectionMiddleware.php:174
- /hosting/www/adalovelace.es/public3/vendor/cakephp/cakephp/src/Http/Runner.php:73
- /hosting/www/adalovelace.es/public3/vendor/cakephp/cakephp/src/Http/Middleware/BodyParserMiddleware.php:157
- /hosting/www/adalovelace.es/public3/vendor/cakephp/cakephp/src/Http/Runner.php:73
- /hosting/www/adalovelace.es/public3/vendor/cakephp/cakephp/src/Routing/Middleware/RoutingMiddleware.php:186
- /hosting/www/adalovelace.es/public3/vendor/cakephp/cakephp/src/Http/Runner.php:73
- /hosting/www/adalovelace.es/public3/vendor/cakephp/cakephp/src/Routing/Middleware/AssetMiddleware.php:77
- /hosting/www/adalovelace.es/public3/vendor/cakephp/cakephp/src/Http/Runner.php:73
- /hosting/www/adalovelace.es/public3/vendor/cakephp/cakephp/src/Error/Middleware/ErrorHandlerMiddleware.php:131
- /hosting/www/adalovelace.es/public3/vendor/cakephp/cakephp/src/Http/Runner.php:73
- /hosting/www/adalovelace.es/public3/vendor/cakephp/cakephp/src/Http/Runner.php:58
- /hosting/www/adalovelace.es/public3/vendor/cakephp/cakephp/src/Http/Server.php:90
- /hosting/www/adalovelace.es/public3/webroot/index.php:40

Request URL: /public3/demo.php
Client IP: 139.47.24.120
2022-08-18 12:51:36 warning: DebugKit is disabling itself as your host `myapps.adalovelace.es` is not in the known safe list of top-level-domains (localhost, invalid, test, example, local). If you would like to force DebugKit on use the `DebugKit.forceEnable` Configure option.
2022-08-18 12:51:37 error: [Cake\Http\Exception\MissingControllerException] Controller class Demo.php could not be found. in /hosting/www/adalovelace.es/public3/vendor/cakephp/cakephp/src/Controller/ControllerFactory.php on line 348
Exception Attributes: array (
  'class' => 'Demo.php',
  'plugin' => NULL,
  'prefix' => NULL,
  '_ext' => NULL,
)
Stack Trace:
- /hosting/www/adalovelace.es/public3/vendor/cakephp/cakephp/src/Controller/ControllerFactory.php:333
- /hosting/www/adalovelace.es/public3/vendor/cakephp/cakephp/src/Controller/ControllerFactory.php:72
- /hosting/www/adalovelace.es/public3/vendor/cakephp/cakephp/src/Http/BaseApplication.php:318
- /hosting/www/adalovelace.es/public3/vendor/cakephp/cakephp/src/Http/Runner.php:77
- /hosting/www/adalovelace.es/public3/vendor/cakephp/cakephp/src/Http/Middleware/CsrfProtectionMiddleware.php:174
- /hosting/www/adalovelace.es/public3/vendor/cakephp/cakephp/src/Http/Runner.php:73
- /hosting/www/adalovelace.es/public3/vendor/cakephp/cakephp/src/Http/Middleware/BodyParserMiddleware.php:157
- /hosting/www/adalovelace.es/public3/vendor/cakephp/cakephp/src/Http/Runner.php:73
- /hosting/www/adalovelace.es/public3/vendor/cakephp/cakephp/src/Routing/Middleware/RoutingMiddleware.php:186
- /hosting/www/adalovelace.es/public3/vendor/cakephp/cakephp/src/Http/Runner.php:73
- /hosting/www/adalovelace.es/public3/vendor/cakephp/cakephp/src/Routing/Middleware/AssetMiddleware.php:77
- /hosting/www/adalovelace.es/public3/vendor/cakephp/cakephp/src/Http/Runner.php:73
- /hosting/www/adalovelace.es/public3/vendor/cakephp/cakephp/src/Error/Middleware/ErrorHandlerMiddleware.php:131
- /hosting/www/adalovelace.es/public3/vendor/cakephp/cakephp/src/Http/Runner.php:73
- /hosting/www/adalovelace.es/public3/vendor/cakephp/cakephp/src/Http/Runner.php:58
- /hosting/www/adalovelace.es/public3/vendor/cakephp/cakephp/src/Http/Server.php:90
- /hosting/www/adalovelace.es/public3/webroot/index.php:40

Request URL: /demo.php
Client IP: 139.47.24.120
2022-08-18 12:52:04 warning: DebugKit is disabling itself as your host `myapps.adalovelace.es` is not in the known safe list of top-level-domains (localhost, invalid, test, example, local). If you would like to force DebugKit on use the `DebugKit.forceEnable` Configure option.
2022-08-18 12:52:04 error: [Cake\Http\Exception\MissingControllerException] Controller class Public3 could not be found. in /hosting/www/adalovelace.es/public3/vendor/cakephp/cakephp/src/Controller/ControllerFactory.php on line 348
Exception Attributes: array (
  'class' => 'Public3',
  'plugin' => NULL,
  'prefix' => NULL,
  '_ext' => NULL,
)
Stack Trace:
- /hosting/www/adalovelace.es/public3/vendor/cakephp/cakephp/src/Controller/ControllerFactory.php:74
- /hosting/www/adalovelace.es/public3/vendor/cakephp/cakephp/src/Http/BaseApplication.php:318
- /hosting/www/adalovelace.es/public3/vendor/cakephp/cakephp/src/Http/Runner.php:77
- /hosting/www/adalovelace.es/public3/vendor/cakephp/cakephp/src/Http/Middleware/CsrfProtectionMiddleware.php:174
- /hosting/www/adalovelace.es/public3/vendor/cakephp/cakephp/src/Http/Runner.php:73
- /hosting/www/adalovelace.es/public3/vendor/cakephp/cakephp/src/Http/Middleware/BodyParserMiddleware.php:157
- /hosting/www/adalovelace.es/public3/vendor/cakephp/cakephp/src/Http/Runner.php:73
- /hosting/www/adalovelace.es/public3/vendor/cakephp/cakephp/src/Routing/Middleware/RoutingMiddleware.php:186
- /hosting/www/adalovelace.es/public3/vendor/cakephp/cakephp/src/Http/Runner.php:73
- /hosting/www/adalovelace.es/public3/vendor/cakephp/cakephp/src/Routing/Middleware/AssetMiddleware.php:77
- /hosting/www/adalovelace.es/public3/vendor/cakephp/cakephp/src/Http/Runner.php:73
- /hosting/www/adalovelace.es/public3/vendor/cakephp/cakephp/src/Error/Middleware/ErrorHandlerMiddleware.php:131
- /hosting/www/adalovelace.es/public3/vendor/cakephp/cakephp/src/Http/Runner.php:73
- /hosting/www/adalovelace.es/public3/vendor/cakephp/cakephp/src/Http/Runner.php:58
- /hosting/www/adalovelace.es/public3/vendor/cakephp/cakephp/src/Http/Server.php:90
- /hosting/www/adalovelace.es/public3/webroot/index.php:40

Request URL: /public3/demo.php
Client IP: 139.47.24.120
2022-08-18 12:56:39 warning: DebugKit is disabling itself as your host `myapps.adalovelace.es` is not in the known safe list of top-level-domains (localhost, invalid, test, example, local). If you would like to force DebugKit on use the `DebugKit.forceEnable` Configure option.
2022-08-18 12:56:39 error: [Cake\Http\Exception\MissingControllerException] Controller class :8080 could not be found. in /hosting/www/adalovelace.es/public3/vendor/cakephp/cakephp/src/Controller/ControllerFactory.php on line 348
Exception Attributes: array (
  'class' => ':8080',
  'plugin' => NULL,
  'prefix' => NULL,
  '_ext' => NULL,
)
Stack Trace:
- /hosting/www/adalovelace.es/public3/vendor/cakephp/cakephp/src/Controller/ControllerFactory.php:333
- /hosting/www/adalovelace.es/public3/vendor/cakephp/cakephp/src/Controller/ControllerFactory.php:72
- /hosting/www/adalovelace.es/public3/vendor/cakephp/cakephp/src/Http/BaseApplication.php:318
- /hosting/www/adalovelace.es/public3/vendor/cakephp/cakephp/src/Http/Runner.php:77
- /hosting/www/adalovelace.es/public3/vendor/cakephp/cakephp/src/Http/Middleware/CsrfProtectionMiddleware.php:174
- /hosting/www/adalovelace.es/public3/vendor/cakephp/cakephp/src/Http/Runner.php:73
- /hosting/www/adalovelace.es/public3/vendor/cakephp/cakephp/src/Http/Middleware/BodyParserMiddleware.php:157
- /hosting/www/adalovelace.es/public3/vendor/cakephp/cakephp/src/Http/Runner.php:73
- /hosting/www/adalovelace.es/public3/vendor/cakephp/cakephp/src/Routing/Middleware/RoutingMiddleware.php:186
- /hosting/www/adalovelace.es/public3/vendor/cakephp/cakephp/src/Http/Runner.php:73
- /hosting/www/adalovelace.es/public3/vendor/cakephp/cakephp/src/Routing/Middleware/AssetMiddleware.php:68
- /hosting/www/adalovelace.es/public3/vendor/cakephp/cakephp/src/Http/Runner.php:73
- /hosting/www/adalovelace.es/public3/vendor/cakephp/cakephp/src/Error/Middleware/ErrorHandlerMiddleware.php:131
- /hosting/www/adalovelace.es/public3/vendor/cakephp/cakephp/src/Http/Runner.php:73
- /hosting/www/adalovelace.es/public3/vendor/cakephp/cakephp/src/Http/Runner.php:58
- /hosting/www/adalovelace.es/public3/vendor/cakephp/cakephp/src/Http/Server.php:90
- /hosting/www/adalovelace.es/public3/webroot/index.php:40

Request URL: /:8080
Client IP: 139.47.24.120
2022-08-18 12:57:24 warning: DebugKit is disabling itself as your host `myapps.adalovelace.es` is not in the known safe list of top-level-domains (localhost, invalid, test, example, local). If you would like to force DebugKit on use the `DebugKit.forceEnable` Configure option.
2022-08-18 12:57:24 error: [Cake\Routing\Exception\MissingRouteException] A route matching "/sqlite://127.0.0.1/tests.sqlite" could not be found. in /hosting/www/adalovelace.es/public3/vendor/cakephp/cakephp/src/Routing/RouteCollection.php on line 197
Exception Attributes: array (
  'url' => '/sqlite://127.0.0.1/tests.sqlite',
)
Stack Trace:
- /hosting/www/adalovelace.es/public3/vendor/cakephp/cakephp/src/Routing/Router.php:232
- /hosting/www/adalovelace.es/public3/vendor/cakephp/cakephp/src/Routing/Middleware/RoutingMiddleware.php:161
- /hosting/www/adalovelace.es/public3/vendor/cakephp/cakephp/src/Http/Runner.php:73
- /hosting/www/adalovelace.es/public3/vendor/cakephp/cakephp/src/Routing/Middleware/AssetMiddleware.php:77
- /hosting/www/adalovelace.es/public3/vendor/cakephp/cakephp/src/Http/Runner.php:73
- /hosting/www/adalovelace.es/public3/vendor/cakephp/cakephp/src/Error/Middleware/ErrorHandlerMiddleware.php:131
- /hosting/www/adalovelace.es/public3/vendor/cakephp/cakephp/src/Http/Runner.php:73
- /hosting/www/adalovelace.es/public3/vendor/cakephp/cakephp/src/Http/Runner.php:58
- /hosting/www/adalovelace.es/public3/vendor/cakephp/cakephp/src/Http/Server.php:90
- /hosting/www/adalovelace.es/public3/webroot/index.php:40

Request URL: /sqlite://127.0.0.1/tests.sqlite
Client IP: 139.47.24.120
2022-08-18 12:58:08 warning: DebugKit is disabling itself as your host `myapps.adalovelace.es` is not in the known safe list of top-level-domains (localhost, invalid, test, example, local). If you would like to force DebugKit on use the `DebugKit.forceEnable` Configure option.
2022-08-18 12:58:08 error: [Cake\Http\Exception\MissingControllerException] Controller class Tests.sqlite could not be found. in /hosting/www/adalovelace.es/public3/vendor/cakephp/cakephp/src/Controller/ControllerFactory.php on line 348
Exception Attributes: array (
  'class' => 'Tests.sqlite',
  'plugin' => NULL,
  'prefix' => NULL,
  '_ext' => NULL,
)
Stack Trace:
- /hosting/www/adalovelace.es/public3/vendor/cakephp/cakephp/src/Controller/ControllerFactory.php:333
- /hosting/www/adalovelace.es/public3/vendor/cakephp/cakephp/src/Controller/ControllerFactory.php:72
- /hosting/www/adalovelace.es/public3/vendor/cakephp/cakephp/src/Http/BaseApplication.php:318
- /hosting/www/adalovelace.es/public3/vendor/cakephp/cakephp/src/Http/Runner.php:77
- /hosting/www/adalovelace.es/public3/vendor/cakephp/cakephp/src/Http/Middleware/CsrfProtectionMiddleware.php:174
- /hosting/www/adalovelace.es/public3/vendor/cakephp/cakephp/src/Http/Runner.php:73
- /hosting/www/adalovelace.es/public3/vendor/cakephp/cakephp/src/Http/Middleware/BodyParserMiddleware.php:157
- /hosting/www/adalovelace.es/public3/vendor/cakephp/cakephp/src/Http/Runner.php:73
- /hosting/www/adalovelace.es/public3/vendor/cakephp/cakephp/src/Routing/Middleware/RoutingMiddleware.php:186
- /hosting/www/adalovelace.es/public3/vendor/cakephp/cakephp/src/Http/Runner.php:73
- /hosting/www/adalovelace.es/public3/vendor/cakephp/cakephp/src/Routing/Middleware/AssetMiddleware.php:77
- /hosting/www/adalovelace.es/public3/vendor/cakephp/cakephp/src/Http/Runner.php:73
- /hosting/www/adalovelace.es/public3/vendor/cakephp/cakephp/src/Error/Middleware/ErrorHandlerMiddleware.php:131
- /hosting/www/adalovelace.es/public3/vendor/cakephp/cakephp/src/Http/Runner.php:73
- /hosting/www/adalovelace.es/public3/vendor/cakephp/cakephp/src/Http/Runner.php:58
- /hosting/www/adalovelace.es/public3/vendor/cakephp/cakephp/src/Http/Server.php:90
- /hosting/www/adalovelace.es/public3/webroot/index.php:40

Request URL: /tests.sqlite
Client IP: 139.47.24.120
2022-08-18 12:58:58 warning: DebugKit is disabling itself as your host `myapps.adalovelace.es` is not in the known safe list of top-level-domains (localhost, invalid, test, example, local). If you would like to force DebugKit on use the `DebugKit.forceEnable` Configure option.
2022-08-18 12:58:58 error: [Cake\Http\Exception\MissingControllerException] Controller class Public3 could not be found. in /hosting/www/adalovelace.es/public3/vendor/cakephp/cakephp/src/Controller/ControllerFactory.php on line 348
Exception Attributes: array (
  'class' => 'Public3',
  'plugin' => NULL,
  'prefix' => NULL,
  '_ext' => NULL,
)
Stack Trace:
- /hosting/www/adalovelace.es/public3/vendor/cakephp/cakephp/src/Controller/ControllerFactory.php:74
- /hosting/www/adalovelace.es/public3/vendor/cakephp/cakephp/src/Http/BaseApplication.php:318
- /hosting/www/adalovelace.es/public3/vendor/cakephp/cakephp/src/Http/Runner.php:77
- /hosting/www/adalovelace.es/public3/vendor/cakephp/cakephp/src/Http/Middleware/CsrfProtectionMiddleware.php:174
- /hosting/www/adalovelace.es/public3/vendor/cakephp/cakephp/src/Http/Runner.php:73
- /hosting/www/adalovelace.es/public3/vendor/cakephp/cakephp/src/Http/Middleware/BodyParserMiddleware.php:157
- /hosting/www/adalovelace.es/public3/vendor/cakephp/cakephp/src/Http/Runner.php:73
- /hosting/www/adalovelace.es/public3/vendor/cakephp/cakephp/src/Routing/Middleware/RoutingMiddleware.php:186
- /hosting/www/adalovelace.es/public3/vendor/cakephp/cakephp/src/Http/Runner.php:73
- /hosting/www/adalovelace.es/public3/vendor/cakephp/cakephp/src/Routing/Middleware/AssetMiddleware.php:77
- /hosting/www/adalovelace.es/public3/vendor/cakephp/cakephp/src/Http/Runner.php:73
- /hosting/www/adalovelace.es/public3/vendor/cakephp/cakephp/src/Error/Middleware/ErrorHandlerMiddleware.php:131
- /hosting/www/adalovelace.es/public3/vendor/cakephp/cakephp/src/Http/Runner.php:73
- /hosting/www/adalovelace.es/public3/vendor/cakephp/cakephp/src/Http/Runner.php:58
- /hosting/www/adalovelace.es/public3/vendor/cakephp/cakephp/src/Http/Server.php:90
- /hosting/www/adalovelace.es/public3/webroot/index.php:40

Request URL: /public3/tests.sqlite
Client IP: 139.47.24.120
2022-08-18 13:12:08 warning: DebugKit is disabling itself as your host `myapps.adalovelace.es` is not in the known safe list of top-level-domains (localhost, invalid, test, example, local). If you would like to force DebugKit on use the `DebugKit.forceEnable` Configure option.
2022-08-18 13:12:15 warning: DebugKit is disabling itself as your host `myapps.adalovelace.es` is not in the known safe list of top-level-domains (localhost, invalid, test, example, local). If you would like to force DebugKit on use the `DebugKit.forceEnable` Configure option.
2022-08-18 13:18:39 warning: DebugKit is disabling itself as your host `myapps.adalovelace.es` is not in the known safe list of top-level-domains (localhost, invalid, test, example, local). If you would like to force DebugKit on use the `DebugKit.forceEnable` Configure option.
2022-08-18 13:18:43 warning: DebugKit is disabling itself as your host `myapps.adalovelace.es` is not in the known safe list of top-level-domains (localhost, invalid, test, example, local). If you would like to force DebugKit on use the `DebugKit.forceEnable` Configure option.
2022-08-18 13:23:26 warning: DebugKit is disabling itself as your host `myapps.adalovelace.es` is not in the known safe list of top-level-domains (localhost, invalid, test, example, local). If you would like to force DebugKit on use the `DebugKit.forceEnable` Configure option.
2022-08-18 13:23:29 warning: DebugKit is disabling itself as your host `myapps.adalovelace.es` is not in the known safe list of top-level-domains (localhost, invalid, test, example, local). If you would like to force DebugKit on use the `DebugKit.forceEnable` Configure option.
2022-08-18 13:39:58 warning: DebugKit is disabling itself as your host `myapps.adalovelace.es` is not in the known safe list of top-level-domains (localhost, invalid, test, example, local). If you would like to force DebugKit on use the `DebugKit.forceEnable` Configure option.
2022-08-18 14:02:20 warning: DebugKit is disabling itself as your host `myapps.adalovelace.es` is not in the known safe list of top-level-domains (localhost, invalid, test, example, local). If you would like to force DebugKit on use the `DebugKit.forceEnable` Configure option.
2022-08-18 14:12:34 warning: DebugKit is disabling itself as your host `myapps.adalovelace.es` is not in the known safe list of top-level-domains (localhost, invalid, test, example, local). If you would like to force DebugKit on use the `DebugKit.forceEnable` Configure option.
2022-08-18 14:18:23 warning: DebugKit is disabling itself as your host `myapps.adalovelace.es` is not in the known safe list of top-level-domains (localhost, invalid, test, example, local). If you would like to force DebugKit on use the `DebugKit.forceEnable` Configure option.
2022-08-18 14:44:52 warning: DebugKit is disabling itself as your host `myapps.adalovelace.es` is not in the known safe list of top-level-domains (localhost, invalid, test, example, local). If you would like to force DebugKit on use the `DebugKit.forceEnable` Configure option.
2022-08-18 14:45:00 warning: DebugKit is disabling itself as your host `myapps.adalovelace.es` is not in the known safe list of top-level-domains (localhost, invalid, test, example, local). If you would like to force DebugKit on use the `DebugKit.forceEnable` Configure option.
2022-08-18 14:45:00 error: [Cake\Http\Exception\MissingControllerException] Controller class Public3 could not be found. in /hosting/www/adalovelace.es/public3/vendor/cakephp/cakephp/src/Controller/ControllerFactory.php on line 348
Exception Attributes: array (
  'class' => 'Public3',
  'plugin' => NULL,
  'prefix' => NULL,
  '_ext' => NULL,
)
Stack Trace:
- /hosting/www/adalovelace.es/public3/vendor/cakephp/cakephp/src/Controller/ControllerFactory.php:74
- /hosting/www/adalovelace.es/public3/vendor/cakephp/cakephp/src/Http/BaseApplication.php:318
- /hosting/www/adalovelace.es/public3/vendor/cakephp/cakephp/src/Http/Runner.php:77
- /hosting/www/adalovelace.es/public3/vendor/cakephp/cakephp/src/Http/Middleware/CsrfProtectionMiddleware.php:174
- /hosting/www/adalovelace.es/public3/vendor/cakephp/cakephp/src/Http/Runner.php:73
- /hosting/www/adalovelace.es/public3/vendor/cakephp/cakephp/src/Http/Middleware/BodyParserMiddleware.php:157
- /hosting/www/adalovelace.es/public3/vendor/cakephp/cakephp/src/Http/Runner.php:73
- /hosting/www/adalovelace.es/public3/vendor/cakephp/cakephp/src/Routing/Middleware/RoutingMiddleware.php:186
- /hosting/www/adalovelace.es/public3/vendor/cakephp/cakephp/src/Http/Runner.php:73
- /hosting/www/adalovelace.es/public3/vendor/cakephp/cakephp/src/Routing/Middleware/AssetMiddleware.php:77
- /hosting/www/adalovelace.es/public3/vendor/cakephp/cakephp/src/Http/Runner.php:73
- /hosting/www/adalovelace.es/public3/vendor/cakephp/cakephp/src/Error/Middleware/ErrorHandlerMiddleware.php:131
- /hosting/www/adalovelace.es/public3/vendor/cakephp/cakephp/src/Http/Runner.php:73
- /hosting/www/adalovelace.es/public3/vendor/cakephp/cakephp/src/Http/Runner.php:58
- /hosting/www/adalovelace.es/public3/vendor/cakephp/cakephp/src/Http/Server.php:90
- /hosting/www/adalovelace.es/public3/webroot/index.php:40

Request URL: /public3/tests.sqlite
Client IP: 139.47.24.120
2022-08-18 17:56:46 warning: DebugKit is disabling itself as your host `myapps.adalovelace.es` is not in the known safe list of top-level-domains (localhost, invalid, test, example, local). If you would like to force DebugKit on use the `DebugKit.forceEnable` Configure option.
2022-08-18 18:56:58 warning: DebugKit is disabling itself as your host `myapps.adalovelace.es` is not in the known safe list of top-level-domains (localhost, invalid, test, example, local). If you would like to force DebugKit on use the `DebugKit.forceEnable` Configure option.
2022-08-18 18:57:03 warning: DebugKit is disabling itself as your host `myapps.adalovelace.es` is not in the known safe list of top-level-domains (localhost, invalid, test, example, local). If you would like to force DebugKit on use the `DebugKit.forceEnable` Configure option.
2022-08-18 19:25:02 warning: DebugKit is disabling itself as your host `myapps.adalovelace.es` is not in the known safe list of top-level-domains (localhost, invalid, test, example, local). If you would like to force DebugKit on use the `DebugKit.forceEnable` Configure option.
2022-08-18 19:25:05 warning: DebugKit is disabling itself as your host `myapps.adalovelace.es` is not in the known safe list of top-level-domains (localhost, invalid, test, example, local). If you would like to force DebugKit on use the `DebugKit.forceEnable` Configure option.
2022-08-18 19:25:06 warning: DebugKit is disabling itself as your host `myapps.adalovelace.es` is not in the known safe list of top-level-domains (localhost, invalid, test, example, local). If you would like to force DebugKit on use the `DebugKit.forceEnable` Configure option.
2022-08-18 19:25:09 warning: DebugKit is disabling itself as your host `myapps.adalovelace.es` is not in the known safe list of top-level-domains (localhost, invalid, test, example, local). If you would like to force DebugKit on use the `DebugKit.forceEnable` Configure option.
2022-08-18 19:25:15 warning: DebugKit is disabling itself as your host `myapps.adalovelace.es` is not in the known safe list of top-level-domains (localhost, invalid, test, example, local). If you would like to force DebugKit on use the `DebugKit.forceEnable` Configure option.
2022-08-18 19:25:21 warning: DebugKit is disabling itself as your host `myapps.adalovelace.es` is not in the known safe list of top-level-domains (localhost, invalid, test, example, local). If you would like to force DebugKit on use the `DebugKit.forceEnable` Configure option.
2022-08-18 19:26:06 warning: DebugKit is disabling itself as your host `myapps.adalovelace.es` is not in the known safe list of top-level-domains (localhost, invalid, test, example, local). If you would like to force DebugKit on use the `DebugKit.forceEnable` Configure option.
2022-08-18 19:30:39 warning: DebugKit is disabling itself as your host `myapps.adalovelace.es` is not in the known safe list of top-level-domains (localhost, invalid, test, example, local). If you would like to force DebugKit on use the `DebugKit.forceEnable` Configure option.
2022-08-18 19:39:11 warning: DebugKit is disabling itself as your host `myapps.adalovelace.es` is not in the known safe list of top-level-domains (localhost, invalid, test, example, local). If you would like to force DebugKit on use the `DebugKit.forceEnable` Configure option.
2022-08-18 19:39:12 warning: DebugKit is disabling itself as your host `myapps.adalovelace.es` is not in the known safe list of top-level-domains (localhost, invalid, test, example, local). If you would like to force DebugKit on use the `DebugKit.forceEnable` Configure option.
2022-08-18 19:39:13 warning: DebugKit is disabling itself as your host `myapps.adalovelace.es` is not in the known safe list of top-level-domains (localhost, invalid, test, example, local). If you would like to force DebugKit on use the `DebugKit.forceEnable` Configure option.
2022-08-18 19:39:26 warning: DebugKit is disabling itself as your host `myapps.adalovelace.es` is not in the known safe list of top-level-domains (localhost, invalid, test, example, local). If you would like to force DebugKit on use the `DebugKit.forceEnable` Configure option.
2022-08-18 19:39:28 warning: DebugKit is disabling itself as your host `myapps.adalovelace.es` is not in the known safe list of top-level-domains (localhost, invalid, test, example, local). If you would like to force DebugKit on use the `DebugKit.forceEnable` Configure option.
2022-08-18 19:39:32 warning: DebugKit is disabling itself as your host `myapps.adalovelace.es` is not in the known safe list of top-level-domains (localhost, invalid, test, example, local). If you would like to force DebugKit on use the `DebugKit.forceEnable` Configure option.
2022-08-18 19:39:34 warning: DebugKit is disabling itself as your host `myapps.adalovelace.es` is not in the known safe list of top-level-domains (localhost, invalid, test, example, local). If you would like to force DebugKit on use the `DebugKit.forceEnable` Configure option.
2022-08-18 19:39:43 warning: DebugKit is disabling itself as your host `myapps.adalovelace.es` is not in the known safe list of top-level-domains (localhost, invalid, test, example, local). If you would like to force DebugKit on use the `DebugKit.forceEnable` Configure option.
2022-08-18 19:39:44 warning: DebugKit is disabling itself as your host `myapps.adalovelace.es` is not in the known safe list of top-level-domains (localhost, invalid, test, example, local). If you would like to force DebugKit on use the `DebugKit.forceEnable` Configure option.
2022-08-18 19:44:42 warning: DebugKit is disabling itself as your host `myapps.adalovelace.es` is not in the known safe list of top-level-domains (localhost, invalid, test, example, local). If you would like to force DebugKit on use the `DebugKit.forceEnable` Configure option.
2022-08-18 19:44:45 warning: DebugKit is disabling itself as your host `myapps.adalovelace.es` is not in the known safe list of top-level-domains (localhost, invalid, test, example, local). If you would like to force DebugKit on use the `DebugKit.forceEnable` Configure option.
2022-08-18 19:44:45 warning: DebugKit is disabling itself as your host `myapps.adalovelace.es` is not in the known safe list of top-level-domains (localhost, invalid, test, example, local). If you would like to force DebugKit on use the `DebugKit.forceEnable` Configure option.
2022-08-18 19:44:46 warning: DebugKit is disabling itself as your host `myapps.adalovelace.es` is not in the known safe list of top-level-domains (localhost, invalid, test, example, local). If you would like to force DebugKit on use the `DebugKit.forceEnable` Configure option.
2022-08-18 19:44:59 warning: DebugKit is disabling itself as your host `myapps.adalovelace.es` is not in the known safe list of top-level-domains (localhost, invalid, test, example, local). If you would like to force DebugKit on use the `DebugKit.forceEnable` Configure option.
2022-08-18 19:45:01 warning: DebugKit is disabling itself as your host `myapps.adalovelace.es` is not in the known safe list of top-level-domains (localhost, invalid, test, example, local). If you would like to force DebugKit on use the `DebugKit.forceEnable` Configure option.
2022-08-18 19:46:46 warning: DebugKit is disabling itself as your host `myapps.adalovelace.es` is not in the known safe list of top-level-domains (localhost, invalid, test, example, local). If you would like to force DebugKit on use the `DebugKit.forceEnable` Configure option.
2022-08-18 19:46:47 warning: DebugKit is disabling itself as your host `myapps.adalovelace.es` is not in the known safe list of top-level-domains (localhost, invalid, test, example, local). If you would like to force DebugKit on use the `DebugKit.forceEnable` Configure option.
2022-08-18 19:50:49 warning: DebugKit is disabling itself as your host `myapps.adalovelace.es` is not in the known safe list of top-level-domains (localhost, invalid, test, example, local). If you would like to force DebugKit on use the `DebugKit.forceEnable` Configure option.
2022-08-18 19:50:51 warning: DebugKit is disabling itself as your host `myapps.adalovelace.es` is not in the known safe list of top-level-domains (localhost, invalid, test, example, local). If you would like to force DebugKit on use the `DebugKit.forceEnable` Configure option.
2022-08-18 19:56:54 warning: DebugKit is disabling itself as your host `myapps.adalovelace.es` is not in the known safe list of top-level-domains (localhost, invalid, test, example, local). If you would like to force DebugKit on use the `DebugKit.forceEnable` Configure option.
2022-08-18 20:00:03 warning: DebugKit is disabling itself as your host `myapps.adalovelace.es` is not in the known safe list of top-level-domains (localhost, invalid, test, example, local). If you would like to force DebugKit on use the `DebugKit.forceEnable` Configure option.
2022-08-18 20:03:26 warning: DebugKit is disabling itself as your host `myapps.adalovelace.es` is not in the known safe list of top-level-domains (localhost, invalid, test, example, local). If you would like to force DebugKit on use the `DebugKit.forceEnable` Configure option.
2022-08-18 20:03:26 error: [Cake\Http\Exception\MissingControllerException] Controller class Info.php could not be found. in /hosting/www/adalovelace.es/public3/vendor/cakephp/cakephp/src/Controller/ControllerFactory.php on line 348
Exception Attributes: array (
  'class' => 'Info.php',
  'plugin' => NULL,
  'prefix' => NULL,
  '_ext' => NULL,
)
Stack Trace:
- /hosting/www/adalovelace.es/public3/vendor/cakephp/cakephp/src/Controller/ControllerFactory.php:333
- /hosting/www/adalovelace.es/public3/vendor/cakephp/cakephp/src/Controller/ControllerFactory.php:72
- /hosting/www/adalovelace.es/public3/vendor/cakephp/cakephp/src/Http/BaseApplication.php:318
- /hosting/www/adalovelace.es/public3/vendor/cakephp/cakephp/src/Http/Runner.php:77
- /hosting/www/adalovelace.es/public3/vendor/cakephp/cakephp/src/Http/Middleware/CsrfProtectionMiddleware.php:174
- /hosting/www/adalovelace.es/public3/vendor/cakephp/cakephp/src/Http/Runner.php:73
- /hosting/www/adalovelace.es/public3/vendor/cakephp/cakephp/src/Http/Middleware/BodyParserMiddleware.php:157
- /hosting/www/adalovelace.es/public3/vendor/cakephp/cakephp/src/Http/Runner.php:73
- /hosting/www/adalovelace.es/public3/vendor/cakephp/cakephp/src/Routing/Middleware/RoutingMiddleware.php:186
- /hosting/www/adalovelace.es/public3/vendor/cakephp/cakephp/src/Http/Runner.php:73
- /hosting/www/adalovelace.es/public3/vendor/cakephp/cakephp/src/Routing/Middleware/AssetMiddleware.php:77
- /hosting/www/adalovelace.es/public3/vendor/cakephp/cakephp/src/Http/Runner.php:73
- /hosting/www/adalovelace.es/public3/vendor/cakephp/cakephp/src/Error/Middleware/ErrorHandlerMiddleware.php:131
- /hosting/www/adalovelace.es/public3/vendor/cakephp/cakephp/src/Http/Runner.php:73
- /hosting/www/adalovelace.es/public3/vendor/cakephp/cakephp/src/Http/Runner.php:58
- /hosting/www/adalovelace.es/public3/vendor/cakephp/cakephp/src/Http/Server.php:90
- /hosting/www/adalovelace.es/public3/webroot/index.php:40

Request URL: /info.php
Client IP: 83.138.41.67
2022-08-18 20:03:46 warning: DebugKit is disabling itself as your host `myapps.adalovelace.es` is not in the known safe list of top-level-domains (localhost, invalid, test, example, local). If you would like to force DebugKit on use the `DebugKit.forceEnable` Configure option.
2022-08-18 20:03:46 error: [Cake\Http\Exception\MissingControllerException] Controller class Info.php could not be found. in /hosting/www/adalovelace.es/public3/vendor/cakephp/cakephp/src/Controller/ControllerFactory.php on line 348
Exception Attributes: array (
  'class' => 'Info.php',
  'plugin' => NULL,
  'prefix' => NULL,
  '_ext' => NULL,
)
Stack Trace:
- /hosting/www/adalovelace.es/public3/vendor/cakephp/cakephp/src/Controller/ControllerFactory.php:333
- /hosting/www/adalovelace.es/public3/vendor/cakephp/cakephp/src/Controller/ControllerFactory.php:72
- /hosting/www/adalovelace.es/public3/vendor/cakephp/cakephp/src/Http/BaseApplication.php:318
- /hosting/www/adalovelace.es/public3/vendor/cakephp/cakephp/src/Http/Runner.php:77
- /hosting/www/adalovelace.es/public3/vendor/cakephp/cakephp/src/Http/Middleware/CsrfProtectionMiddleware.php:174
- /hosting/www/adalovelace.es/public3/vendor/cakephp/cakephp/src/Http/Runner.php:73
- /hosting/www/adalovelace.es/public3/vendor/cakephp/cakephp/src/Http/Middleware/BodyParserMiddleware.php:157
- /hosting/www/adalovelace.es/public3/vendor/cakephp/cakephp/src/Http/Runner.php:73
- /hosting/www/adalovelace.es/public3/vendor/cakephp/cakephp/src/Routing/Middleware/RoutingMiddleware.php:186
- /hosting/www/adalovelace.es/public3/vendor/cakephp/cakephp/src/Http/Runner.php:73
- /hosting/www/adalovelace.es/public3/vendor/cakephp/cakephp/src/Routing/Middleware/AssetMiddleware.php:77
- /hosting/www/adalovelace.es/public3/vendor/cakephp/cakephp/src/Http/Runner.php:73
- /hosting/www/adalovelace.es/public3/vendor/cakephp/cakephp/src/Error/Middleware/ErrorHandlerMiddleware.php:131
- /hosting/www/adalovelace.es/public3/vendor/cakephp/cakephp/src/Http/Runner.php:73
- /hosting/www/adalovelace.es/public3/vendor/cakephp/cakephp/src/Http/Runner.php:58
- /hosting/www/adalovelace.es/public3/vendor/cakephp/cakephp/src/Http/Server.php:90
- /hosting/www/adalovelace.es/public3/webroot/index.php:40

Request URL: /info.php
Client IP: 83.138.41.67
2022-08-18 20:03:46 warning: DebugKit is disabling itself as your host `myapps.adalovelace.es` is not in the known safe list of top-level-domains (localhost, invalid, test, example, local). If you would like to force DebugKit on use the `DebugKit.forceEnable` Configure option.
2022-08-18 20:03:46 error: [Cake\Http\Exception\MissingControllerException] Controller class Info.php could not be found. in /hosting/www/adalovelace.es/public3/vendor/cakephp/cakephp/src/Controller/ControllerFactory.php on line 348
Exception Attributes: array (
  'class' => 'Info.php',
  'plugin' => NULL,
  'prefix' => NULL,
  '_ext' => NULL,
)
Stack Trace:
- /hosting/www/adalovelace.es/public3/vendor/cakephp/cakephp/src/Controller/ControllerFactory.php:333
- /hosting/www/adalovelace.es/public3/vendor/cakephp/cakephp/src/Controller/ControllerFactory.php:72
- /hosting/www/adalovelace.es/public3/vendor/cakephp/cakephp/src/Http/BaseApplication.php:318
- /hosting/www/adalovelace.es/public3/vendor/cakephp/cakephp/src/Http/Runner.php:77
- /hosting/www/adalovelace.es/public3/vendor/cakephp/cakephp/src/Http/Middleware/CsrfProtectionMiddleware.php:174
- /hosting/www/adalovelace.es/public3/vendor/cakephp/cakephp/src/Http/Runner.php:73
- /hosting/www/adalovelace.es/public3/vendor/cakephp/cakephp/src/Http/Middleware/BodyParserMiddleware.php:157
- /hosting/www/adalovelace.es/public3/vendor/cakephp/cakephp/src/Http/Runner.php:73
- /hosting/www/adalovelace.es/public3/vendor/cakephp/cakephp/src/Routing/Middleware/RoutingMiddleware.php:186
- /hosting/www/adalovelace.es/public3/vendor/cakephp/cakephp/src/Http/Runner.php:73
- /hosting/www/adalovelace.es/public3/vendor/cakephp/cakephp/src/Routing/Middleware/AssetMiddleware.php:77
- /hosting/www/adalovelace.es/public3/vendor/cakephp/cakephp/src/Http/Runner.php:73
- /hosting/www/adalovelace.es/public3/vendor/cakephp/cakephp/src/Error/Middleware/ErrorHandlerMiddleware.php:131
- /hosting/www/adalovelace.es/public3/vendor/cakephp/cakephp/src/Http/Runner.php:73
- /hosting/www/adalovelace.es/public3/vendor/cakephp/cakephp/src/Http/Runner.php:58
- /hosting/www/adalovelace.es/public3/vendor/cakephp/cakephp/src/Http/Server.php:90
- /hosting/www/adalovelace.es/public3/webroot/index.php:40

Request URL: /info.php
Client IP: 83.138.41.67
2022-08-18 20:03:52 warning: DebugKit is disabling itself as your host `myapps.adalovelace.es` is not in the known safe list of top-level-domains (localhost, invalid, test, example, local). If you would like to force DebugKit on use the `DebugKit.forceEnable` Configure option.
2022-08-18 20:04:41 warning: DebugKit is disabling itself as your host `myapps.adalovelace.es` is not in the known safe list of top-level-domains (localhost, invalid, test, example, local). If you would like to force DebugKit on use the `DebugKit.forceEnable` Configure option.
2022-08-18 20:04:41 error: [Cake\Http\Exception\MissingControllerException] Controller class Phpinfo.php could not be found. in /hosting/www/adalovelace.es/public3/vendor/cakephp/cakephp/src/Controller/ControllerFactory.php on line 348
Exception Attributes: array (
  'class' => 'Phpinfo.php',
  'plugin' => NULL,
  'prefix' => NULL,
  '_ext' => NULL,
)
Stack Trace:
- /hosting/www/adalovelace.es/public3/vendor/cakephp/cakephp/src/Controller/ControllerFactory.php:333
- /hosting/www/adalovelace.es/public3/vendor/cakephp/cakephp/src/Controller/ControllerFactory.php:72
- /hosting/www/adalovelace.es/public3/vendor/cakephp/cakephp/src/Http/BaseApplication.php:318
- /hosting/www/adalovelace.es/public3/vendor/cakephp/cakephp/src/Http/Runner.php:77
- /hosting/www/adalovelace.es/public3/vendor/cakephp/cakephp/src/Http/Middleware/CsrfProtectionMiddleware.php:174
- /hosting/www/adalovelace.es/public3/vendor/cakephp/cakephp/src/Http/Runner.php:73
- /hosting/www/adalovelace.es/public3/vendor/cakephp/cakephp/src/Http/Middleware/BodyParserMiddleware.php:157
- /hosting/www/adalovelace.es/public3/vendor/cakephp/cakephp/src/Http/Runner.php:73
- /hosting/www/adalovelace.es/public3/vendor/cakephp/cakephp/src/Routing/Middleware/RoutingMiddleware.php:186
- /hosting/www/adalovelace.es/public3/vendor/cakephp/cakephp/src/Http/Runner.php:73
- /hosting/www/adalovelace.es/public3/vendor/cakephp/cakephp/src/Routing/Middleware/AssetMiddleware.php:77
- /hosting/www/adalovelace.es/public3/vendor/cakephp/cakephp/src/Http/Runner.php:73
- /hosting/www/adalovelace.es/public3/vendor/cakephp/cakephp/src/Error/Middleware/ErrorHandlerMiddleware.php:131
- /hosting/www/adalovelace.es/public3/vendor/cakephp/cakephp/src/Http/Runner.php:73
- /hosting/www/adalovelace.es/public3/vendor/cakephp/cakephp/src/Http/Runner.php:58
- /hosting/www/adalovelace.es/public3/vendor/cakephp/cakephp/src/Http/Server.php:90
- /hosting/www/adalovelace.es/public3/webroot/index.php:40

Request URL: /phpinfo.php
Client IP: 83.138.41.67
2022-08-18 20:05:03 warning: DebugKit is disabling itself as your host `myapps.adalovelace.es` is not in the known safe list of top-level-domains (localhost, invalid, test, example, local). If you would like to force DebugKit on use the `DebugKit.forceEnable` Configure option.
2022-08-18 20:06:06 warning: DebugKit is disabling itself as your host `myapps.adalovelace.es` is not in the known safe list of top-level-domains (localhost, invalid, test, example, local). If you would like to force DebugKit on use the `DebugKit.forceEnable` Configure option.
2022-08-18 20:06:07 warning: DebugKit is disabling itself as your host `myapps.adalovelace.es` is not in the known safe list of top-level-domains (localhost, invalid, test, example, local). If you would like to force DebugKit on use the `DebugKit.forceEnable` Configure option.
2022-08-18 20:06:07 warning: DebugKit is disabling itself as your host `myapps.adalovelace.es` is not in the known safe list of top-level-domains (localhost, invalid, test, example, local). If you would like to force DebugKit on use the `DebugKit.forceEnable` Configure option.
2022-08-18 20:06:08 warning: DebugKit is disabling itself as your host `myapps.adalovelace.es` is not in the known safe list of top-level-domains (localhost, invalid, test, example, local). If you would like to force DebugKit on use the `DebugKit.forceEnable` Configure option.
2022-08-18 20:06:09 warning: DebugKit is disabling itself as your host `myapps.adalovelace.es` is not in the known safe list of top-level-domains (localhost, invalid, test, example, local). If you would like to force DebugKit on use the `DebugKit.forceEnable` Configure option.
2022-08-18 20:06:09 warning: DebugKit is disabling itself as your host `myapps.adalovelace.es` is not in the known safe list of top-level-domains (localhost, invalid, test, example, local). If you would like to force DebugKit on use the `DebugKit.forceEnable` Configure option.
2022-08-18 20:06:10 warning: DebugKit is disabling itself as your host `myapps.adalovelace.es` is not in the known safe list of top-level-domains (localhost, invalid, test, example, local). If you would like to force DebugKit on use the `DebugKit.forceEnable` Configure option.
2022-08-18 20:06:38 warning: DebugKit is disabling itself as your host `myapps.adalovelace.es` is not in the known safe list of top-level-domains (localhost, invalid, test, example, local). If you would like to force DebugKit on use the `DebugKit.forceEnable` Configure option.
2022-08-18 20:06:39 warning: DebugKit is disabling itself as your host `myapps.adalovelace.es` is not in the known safe list of top-level-domains (localhost, invalid, test, example, local). If you would like to force DebugKit on use the `DebugKit.forceEnable` Configure option.
2022-08-18 20:06:40 warning: DebugKit is disabling itself as your host `myapps.adalovelace.es` is not in the known safe list of top-level-domains (localhost, invalid, test, example, local). If you would like to force DebugKit on use the `DebugKit.forceEnable` Configure option.
2022-08-18 20:06:40 warning: DebugKit is disabling itself as your host `myapps.adalovelace.es` is not in the known safe list of top-level-domains (localhost, invalid, test, example, local). If you would like to force DebugKit on use the `DebugKit.forceEnable` Configure option.
2022-08-18 20:06:40 warning: DebugKit is disabling itself as your host `myapps.adalovelace.es` is not in the known safe list of top-level-domains (localhost, invalid, test, example, local). If you would like to force DebugKit on use the `DebugKit.forceEnable` Configure option.
2022-08-18 20:06:40 warning: DebugKit is disabling itself as your host `myapps.adalovelace.es` is not in the known safe list of top-level-domains (localhost, invalid, test, example, local). If you would like to force DebugKit on use the `DebugKit.forceEnable` Configure option.
2022-08-18 20:07:15 warning: DebugKit is disabling itself as your host `myapps.adalovelace.es` is not in the known safe list of top-level-domains (localhost, invalid, test, example, local). If you would like to force DebugKit on use the `DebugKit.forceEnable` Configure option.
2022-08-18 20:07:15 warning: DebugKit is disabling itself as your host `myapps.adalovelace.es` is not in the known safe list of top-level-domains (localhost, invalid, test, example, local). If you would like to force DebugKit on use the `DebugKit.forceEnable` Configure option.
2022-08-18 20:07:16 warning: DebugKit is disabling itself as your host `myapps.adalovelace.es` is not in the known safe list of top-level-domains (localhost, invalid, test, example, local). If you would like to force DebugKit on use the `DebugKit.forceEnable` Configure option.
2022-08-18 20:07:16 warning: DebugKit is disabling itself as your host `myapps.adalovelace.es` is not in the known safe list of top-level-domains (localhost, invalid, test, example, local). If you would like to force DebugKit on use the `DebugKit.forceEnable` Configure option.
2022-08-18 20:07:16 warning: DebugKit is disabling itself as your host `myapps.adalovelace.es` is not in the known safe list of top-level-domains (localhost, invalid, test, example, local). If you would like to force DebugKit on use the `DebugKit.forceEnable` Configure option.
2022-08-18 20:07:16 warning: DebugKit is disabling itself as your host `myapps.adalovelace.es` is not in the known safe list of top-level-domains (localhost, invalid, test, example, local). If you would like to force DebugKit on use the `DebugKit.forceEnable` Configure option.
2022-08-18 20:07:16 warning: DebugKit is disabling itself as your host `myapps.adalovelace.es` is not in the known safe list of top-level-domains (localhost, invalid, test, example, local). If you would like to force DebugKit on use the `DebugKit.forceEnable` Configure option.
2022-08-18 20:07:17 warning: DebugKit is disabling itself as your host `myapps.adalovelace.es` is not in the known safe list of top-level-domains (localhost, invalid, test, example, local). If you would like to force DebugKit on use the `DebugKit.forceEnable` Configure option.
2022-08-18 20:07:17 warning: DebugKit is disabling itself as your host `myapps.adalovelace.es` is not in the known safe list of top-level-domains (localhost, invalid, test, example, local). If you would like to force DebugKit on use the `DebugKit.forceEnable` Configure option.
2022-08-18 20:07:18 warning: DebugKit is disabling itself as your host `myapps.adalovelace.es` is not in the known safe list of top-level-domains (localhost, invalid, test, example, local). If you would like to force DebugKit on use the `DebugKit.forceEnable` Configure option.
2022-08-18 20:07:19 warning: DebugKit is disabling itself as your host `myapps.adalovelace.es` is not in the known safe list of top-level-domains (localhost, invalid, test, example, local). If you would like to force DebugKit on use the `DebugKit.forceEnable` Configure option.
2022-08-18 20:07:21 warning: DebugKit is disabling itself as your host `myapps.adalovelace.es` is not in the known safe list of top-level-domains (localhost, invalid, test, example, local). If you would like to force DebugKit on use the `DebugKit.forceEnable` Configure option.
2022-08-18 20:07:22 warning: DebugKit is disabling itself as your host `myapps.adalovelace.es` is not in the known safe list of top-level-domains (localhost, invalid, test, example, local). If you would like to force DebugKit on use the `DebugKit.forceEnable` Configure option.
2022-08-18 20:07:23 warning: DebugKit is disabling itself as your host `myapps.adalovelace.es` is not in the known safe list of top-level-domains (localhost, invalid, test, example, local). If you would like to force DebugKit on use the `DebugKit.forceEnable` Configure option.
2022-08-18 20:07:23 warning: DebugKit is disabling itself as your host `myapps.adalovelace.es` is not in the known safe list of top-level-domains (localhost, invalid, test, example, local). If you would like to force DebugKit on use the `DebugKit.forceEnable` Configure option.
2022-08-18 20:07:23 warning: DebugKit is disabling itself as your host `myapps.adalovelace.es` is not in the known safe list of top-level-domains (localhost, invalid, test, example, local). If you would like to force DebugKit on use the `DebugKit.forceEnable` Configure option.
2022-08-18 20:07:38 warning: DebugKit is disabling itself as your host `myapps.adalovelace.es` is not in the known safe list of top-level-domains (localhost, invalid, test, example, local). If you would like to force DebugKit on use the `DebugKit.forceEnable` Configure option.
2022-08-18 20:07:39 warning: DebugKit is disabling itself as your host `myapps.adalovelace.es` is not in the known safe list of top-level-domains (localhost, invalid, test, example, local). If you would like to force DebugKit on use the `DebugKit.forceEnable` Configure option.
2022-08-18 20:07:39 warning: DebugKit is disabling itself as your host `myapps.adalovelace.es` is not in the known safe list of top-level-domains (localhost, invalid, test, example, local). If you would like to force DebugKit on use the `DebugKit.forceEnable` Configure option.
2022-08-18 20:07:45 warning: DebugKit is disabling itself as your host `myapps.adalovelace.es` is not in the known safe list of top-level-domains (localhost, invalid, test, example, local). If you would like to force DebugKit on use the `DebugKit.forceEnable` Configure option.
2022-08-18 20:07:52 warning: DebugKit is disabling itself as your host `myapps.adalovelace.es` is not in the known safe list of top-level-domains (localhost, invalid, test, example, local). If you would like to force DebugKit on use the `DebugKit.forceEnable` Configure option.
2022-08-18 20:07:54 warning: DebugKit is disabling itself as your host `myapps.adalovelace.es` is not in the known safe list of top-level-domains (localhost, invalid, test, example, local). If you would like to force DebugKit on use the `DebugKit.forceEnable` Configure option.
2022-08-18 20:07:54 warning: DebugKit is disabling itself as your host `myapps.adalovelace.es` is not in the known safe list of top-level-domains (localhost, invalid, test, example, local). If you would like to force DebugKit on use the `DebugKit.forceEnable` Configure option.
2022-08-18 20:07:55 warning: DebugKit is disabling itself as your host `myapps.adalovelace.es` is not in the known safe list of top-level-domains (localhost, invalid, test, example, local). If you would like to force DebugKit on use the `DebugKit.forceEnable` Configure option.
2022-08-18 20:07:56 warning: DebugKit is disabling itself as your host `myapps.adalovelace.es` is not in the known safe list of top-level-domains (localhost, invalid, test, example, local). If you would like to force DebugKit on use the `DebugKit.forceEnable` Configure option.
2022-08-18 20:07:56 warning: DebugKit is disabling itself as your host `myapps.adalovelace.es` is not in the known safe list of top-level-domains (localhost, invalid, test, example, local). If you would like to force DebugKit on use the `DebugKit.forceEnable` Configure option.
2022-08-18 20:07:57 warning: DebugKit is disabling itself as your host `myapps.adalovelace.es` is not in the known safe list of top-level-domains (localhost, invalid, test, example, local). If you would like to force DebugKit on use the `DebugKit.forceEnable` Configure option.
2022-08-18 20:07:58 warning: DebugKit is disabling itself as your host `myapps.adalovelace.es` is not in the known safe list of top-level-domains (localhost, invalid, test, example, local). If you would like to force DebugKit on use the `DebugKit.forceEnable` Configure option.
2022-08-18 20:09:06 warning: DebugKit is disabling itself as your host `myapps.adalovelace.es` is not in the known safe list of top-level-domains (localhost, invalid, test, example, local). If you would like to force DebugKit on use the `DebugKit.forceEnable` Configure option.
2022-08-18 20:09:18 warning: DebugKit is disabling itself as your host `myapps.adalovelace.es` is not in the known safe list of top-level-domains (localhost, invalid, test, example, local). If you would like to force DebugKit on use the `DebugKit.forceEnable` Configure option.
2022-08-18 20:09:19 warning: DebugKit is disabling itself as your host `myapps.adalovelace.es` is not in the known safe list of top-level-domains (localhost, invalid, test, example, local). If you would like to force DebugKit on use the `DebugKit.forceEnable` Configure option.
2022-08-18 20:10:36 warning: DebugKit is disabling itself as your host `myapps.adalovelace.es` is not in the known safe list of top-level-domains (localhost, invalid, test, example, local). If you would like to force DebugKit on use the `DebugKit.forceEnable` Configure option.
2022-08-18 20:10:37 warning: DebugKit is disabling itself as your host `myapps.adalovelace.es` is not in the known safe list of top-level-domains (localhost, invalid, test, example, local). If you would like to force DebugKit on use the `DebugKit.forceEnable` Configure option.
2022-08-18 20:10:38 warning: DebugKit is disabling itself as your host `myapps.adalovelace.es` is not in the known safe list of top-level-domains (localhost, invalid, test, example, local). If you would like to force DebugKit on use the `DebugKit.forceEnable` Configure option.
2022-08-18 20:10:39 warning: DebugKit is disabling itself as your host `myapps.adalovelace.es` is not in the known safe list of top-level-domains (localhost, invalid, test, example, local). If you would like to force DebugKit on use the `DebugKit.forceEnable` Configure option.
2022-08-18 20:14:44 warning: DebugKit is disabling itself as your host `myapps.adalovelace.es` is not in the known safe list of top-level-domains (localhost, invalid, test, example, local). If you would like to force DebugKit on use the `DebugKit.forceEnable` Configure option.
2022-08-18 20:19:00 warning: DebugKit is disabling itself as your host `myapps.adalovelace.es` is not in the known safe list of top-level-domains (localhost, invalid, test, example, local). If you would like to force DebugKit on use the `DebugKit.forceEnable` Configure option.
2022-08-18 23:25:58 error: [Cake\Http\Exception\MissingControllerException] Controller class Composer could not be found. in /hosting/www/adalovelace.es/public3/vendor/cakephp/cakephp/src/Controller/ControllerFactory.php on line 348
Exception Attributes: array (
  'class' => 'Composer',
  'plugin' => NULL,
  'prefix' => NULL,
  '_ext' => NULL,
)
Stack Trace:
- /hosting/www/adalovelace.es/public3/vendor/cakephp/cakephp/src/Controller/ControllerFactory.php:74
- /hosting/www/adalovelace.es/public3/vendor/cakephp/cakephp/src/Http/BaseApplication.php:318
- /hosting/www/adalovelace.es/public3/vendor/cakephp/cakephp/src/Http/Runner.php:77
- /hosting/www/adalovelace.es/public3/vendor/cakephp/cakephp/src/Http/Middleware/CsrfProtectionMiddleware.php:174
- /hosting/www/adalovelace.es/public3/vendor/cakephp/cakephp/src/Http/Runner.php:73
- /hosting/www/adalovelace.es/public3/vendor/cakephp/cakephp/src/Http/Middleware/BodyParserMiddleware.php:157
- /hosting/www/adalovelace.es/public3/vendor/cakephp/cakephp/src/Http/Runner.php:73
- /hosting/www/adalovelace.es/public3/vendor/cakephp/cakephp/src/Routing/Middleware/RoutingMiddleware.php:186
- /hosting/www/adalovelace.es/public3/vendor/cakephp/cakephp/src/Http/Runner.php:73
- /hosting/www/adalovelace.es/public3/vendor/cakephp/cakephp/src/Routing/Middleware/AssetMiddleware.php:68
- /hosting/www/adalovelace.es/public3/vendor/cakephp/cakephp/src/Http/Runner.php:73
- /hosting/www/adalovelace.es/public3/vendor/cakephp/cakephp/src/Error/Middleware/ErrorHandlerMiddleware.php:131
- /hosting/www/adalovelace.es/public3/vendor/cakephp/cakephp/src/Http/Runner.php:73
- /hosting/www/adalovelace.es/public3/vendor/cakephp/debug_kit/src/Middleware/DebugKitMiddleware.php:60
- /hosting/www/adalovelace.es/public3/vendor/cakephp/cakephp/src/Http/Runner.php:73
- /hosting/www/adalovelace.es/public3/vendor/cakephp/cakephp/src/Http/Runner.php:58
- /hosting/www/adalovelace.es/public3/vendor/cakephp/cakephp/src/Http/Server.php:90
- /hosting/www/adalovelace.es/public3/webroot/index.php:39

Request URL: /composer
Client IP: 139.47.24.120
2022-08-18 23:27:56 error: [Cake\Http\Exception\MissingControllerException] Controller class Tests could not be found. in /hosting/www/adalovelace.es/public3/vendor/cakephp/cakephp/src/Controller/ControllerFactory.php on line 348
Exception Attributes: array (
  'class' => 'Tests',
  'plugin' => NULL,
  'prefix' => NULL,
  '_ext' => NULL,
)
Stack Trace:
- /hosting/www/adalovelace.es/public3/vendor/cakephp/cakephp/src/Controller/ControllerFactory.php:74
- /hosting/www/adalovelace.es/public3/vendor/cakephp/cakephp/src/Http/BaseApplication.php:318
- /hosting/www/adalovelace.es/public3/vendor/cakephp/cakephp/src/Http/Runner.php:77
- /hosting/www/adalovelace.es/public3/vendor/cakephp/cakephp/src/Http/Middleware/CsrfProtectionMiddleware.php:174
- /hosting/www/adalovelace.es/public3/vendor/cakephp/cakephp/src/Http/Runner.php:73
- /hosting/www/adalovelace.es/public3/vendor/cakephp/cakephp/src/Http/Middleware/BodyParserMiddleware.php:157
- /hosting/www/adalovelace.es/public3/vendor/cakephp/cakephp/src/Http/Runner.php:73
- /hosting/www/adalovelace.es/public3/vendor/cakephp/cakephp/src/Routing/Middleware/RoutingMiddleware.php:186
- /hosting/www/adalovelace.es/public3/vendor/cakephp/cakephp/src/Http/Runner.php:73
- /hosting/www/adalovelace.es/public3/vendor/cakephp/cakephp/src/Routing/Middleware/AssetMiddleware.php:68
- /hosting/www/adalovelace.es/public3/vendor/cakephp/cakephp/src/Http/Runner.php:73
- /hosting/www/adalovelace.es/public3/vendor/cakephp/cakephp/src/Error/Middleware/ErrorHandlerMiddleware.php:131
- /hosting/www/adalovelace.es/public3/vendor/cakephp/cakephp/src/Http/Runner.php:73
- /hosting/www/adalovelace.es/public3/vendor/cakephp/debug_kit/src/Middleware/DebugKitMiddleware.php:60
- /hosting/www/adalovelace.es/public3/vendor/cakephp/cakephp/src/Http/Runner.php:73
- /hosting/www/adalovelace.es/public3/vendor/cakephp/cakephp/src/Http/Runner.php:58
- /hosting/www/adalovelace.es/public3/vendor/cakephp/cakephp/src/Http/Server.php:90
- /hosting/www/adalovelace.es/public3/webroot/index.php:39

Request URL: /tests/
Client IP: 139.47.24.120
2022-08-19 00:02:23 error: [Cake\Http\Exception\MissingControllerException] Controller class Composer could not be found. in /hosting/www/adalovelace.es/public3/vendor/cakephp/cakephp/src/Controller/ControllerFactory.php on line 348
Exception Attributes: array (
  'class' => 'Composer',
  'plugin' => NULL,
  'prefix' => NULL,
  '_ext' => NULL,
)
Stack Trace:
- /hosting/www/adalovelace.es/public3/vendor/cakephp/cakephp/src/Controller/ControllerFactory.php:74
- /hosting/www/adalovelace.es/public3/vendor/cakephp/cakephp/src/Http/BaseApplication.php:318
- /hosting/www/adalovelace.es/public3/vendor/cakephp/cakephp/src/Http/Runner.php:77
- /hosting/www/adalovelace.es/public3/vendor/cakephp/cakephp/src/Http/Middleware/CsrfProtectionMiddleware.php:174
- /hosting/www/adalovelace.es/public3/vendor/cakephp/cakephp/src/Http/Runner.php:73
- /hosting/www/adalovelace.es/public3/vendor/cakephp/cakephp/src/Http/Middleware/BodyParserMiddleware.php:157
- /hosting/www/adalovelace.es/public3/vendor/cakephp/cakephp/src/Http/Runner.php:73
- /hosting/www/adalovelace.es/public3/vendor/cakephp/cakephp/src/Routing/Middleware/RoutingMiddleware.php:186
- /hosting/www/adalovelace.es/public3/vendor/cakephp/cakephp/src/Http/Runner.php:73
- /hosting/www/adalovelace.es/public3/vendor/cakephp/cakephp/src/Routing/Middleware/AssetMiddleware.php:77
- /hosting/www/adalovelace.es/public3/vendor/cakephp/cakephp/src/Http/Runner.php:73
- /hosting/www/adalovelace.es/public3/vendor/cakephp/cakephp/src/Error/Middleware/ErrorHandlerMiddleware.php:131
- /hosting/www/adalovelace.es/public3/vendor/cakephp/cakephp/src/Http/Runner.php:73
- /hosting/www/adalovelace.es/public3/vendor/cakephp/debug_kit/src/Middleware/DebugKitMiddleware.php:60
- /hosting/www/adalovelace.es/public3/vendor/cakephp/cakephp/src/Http/Runner.php:73
- /hosting/www/adalovelace.es/public3/vendor/cakephp/cakephp/src/Http/Runner.php:58
- /hosting/www/adalovelace.es/public3/vendor/cakephp/cakephp/src/Http/Server.php:90
- /hosting/www/adalovelace.es/public3/webroot/index.php:39

Request URL: /composer/autoload_real.php
Client IP: 139.47.24.120
2022-08-19 00:03:12 error: [Cake\Http\Exception\MissingControllerException] Controller class Vendor could not be found. in /hosting/www/adalovelace.es/public3/vendor/cakephp/cakephp/src/Controller/ControllerFactory.php on line 348
Exception Attributes: array (
  'class' => 'Vendor',
  'plugin' => NULL,
  'prefix' => NULL,
  '_ext' => NULL,
)
Stack Trace:
- /hosting/www/adalovelace.es/public3/vendor/cakephp/cakephp/src/Controller/ControllerFactory.php:74
- /hosting/www/adalovelace.es/public3/vendor/cakephp/cakephp/src/Http/BaseApplication.php:318
- /hosting/www/adalovelace.es/public3/vendor/cakephp/cakephp/src/Http/Runner.php:77
- /hosting/www/adalovelace.es/public3/vendor/cakephp/cakephp/src/Http/Middleware/CsrfProtectionMiddleware.php:174
- /hosting/www/adalovelace.es/public3/vendor/cakephp/cakephp/src/Http/Runner.php:73
- /hosting/www/adalovelace.es/public3/vendor/cakephp/cakephp/src/Http/Middleware/BodyParserMiddleware.php:157
- /hosting/www/adalovelace.es/public3/vendor/cakephp/cakephp/src/Http/Runner.php:73
- /hosting/www/adalovelace.es/public3/vendor/cakephp/cakephp/src/Routing/Middleware/RoutingMiddleware.php:186
- /hosting/www/adalovelace.es/public3/vendor/cakephp/cakephp/src/Http/Runner.php:73
- /hosting/www/adalovelace.es/public3/vendor/cakephp/cakephp/src/Routing/Middleware/AssetMiddleware.php:77
- /hosting/www/adalovelace.es/public3/vendor/cakephp/cakephp/src/Http/Runner.php:73
- /hosting/www/adalovelace.es/public3/vendor/cakephp/cakephp/src/Error/Middleware/ErrorHandlerMiddleware.php:131
- /hosting/www/adalovelace.es/public3/vendor/cakephp/cakephp/src/Http/Runner.php:73
- /hosting/www/adalovelace.es/public3/vendor/cakephp/debug_kit/src/Middleware/DebugKitMiddleware.php:60
- /hosting/www/adalovelace.es/public3/vendor/cakephp/cakephp/src/Http/Runner.php:73
- /hosting/www/adalovelace.es/public3/vendor/cakephp/cakephp/src/Http/Runner.php:58
- /hosting/www/adalovelace.es/public3/vendor/cakephp/cakephp/src/Http/Server.php:90
- /hosting/www/adalovelace.es/public3/webroot/index.php:39

Request URL: /vendor/composer/autoload_real.php
Client IP: 139.47.24.120
2022-08-19 00:03:29 error: [Cake\Http\Exception\MissingControllerException] Controller class Demo.php could not be found. in /hosting/www/adalovelace.es/public3/vendor/cakephp/cakephp/src/Controller/ControllerFactory.php on line 348
Exception Attributes: array (
  'class' => 'Demo.php',
  'plugin' => NULL,
  'prefix' => NULL,
  '_ext' => NULL,
)
Stack Trace:
- /hosting/www/adalovelace.es/public3/vendor/cakephp/cakephp/src/Controller/ControllerFactory.php:333
- /hosting/www/adalovelace.es/public3/vendor/cakephp/cakephp/src/Controller/ControllerFactory.php:72
- /hosting/www/adalovelace.es/public3/vendor/cakephp/cakephp/src/Http/BaseApplication.php:318
- /hosting/www/adalovelace.es/public3/vendor/cakephp/cakephp/src/Http/Runner.php:77
- /hosting/www/adalovelace.es/public3/vendor/cakephp/cakephp/src/Http/Middleware/CsrfProtectionMiddleware.php:174
- /hosting/www/adalovelace.es/public3/vendor/cakephp/cakephp/src/Http/Runner.php:73
- /hosting/www/adalovelace.es/public3/vendor/cakephp/cakephp/src/Http/Middleware/BodyParserMiddleware.php:157
- /hosting/www/adalovelace.es/public3/vendor/cakephp/cakephp/src/Http/Runner.php:73
- /hosting/www/adalovelace.es/public3/vendor/cakephp/cakephp/src/Routing/Middleware/RoutingMiddleware.php:186
- /hosting/www/adalovelace.es/public3/vendor/cakephp/cakephp/src/Http/Runner.php:73
- /hosting/www/adalovelace.es/public3/vendor/cakephp/cakephp/src/Routing/Middleware/AssetMiddleware.php:77
- /hosting/www/adalovelace.es/public3/vendor/cakephp/cakephp/src/Http/Runner.php:73
- /hosting/www/adalovelace.es/public3/vendor/cakephp/cakephp/src/Error/Middleware/ErrorHandlerMiddleware.php:131
- /hosting/www/adalovelace.es/public3/vendor/cakephp/cakephp/src/Http/Runner.php:73
- /hosting/www/adalovelace.es/public3/vendor/cakephp/debug_kit/src/Middleware/DebugKitMiddleware.php:60
- /hosting/www/adalovelace.es/public3/vendor/cakephp/cakephp/src/Http/Runner.php:73
- /hosting/www/adalovelace.es/public3/vendor/cakephp/cakephp/src/Http/Runner.php:58
- /hosting/www/adalovelace.es/public3/vendor/cakephp/cakephp/src/Http/Server.php:90
- /hosting/www/adalovelace.es/public3/webroot/index.php:39

Request URL: /demo.php
Client IP: 139.47.24.120
2022-08-19 00:03:46 error: [Cake\Http\Exception\MissingControllerException] Controller class Public3 could not be found. in /hosting/www/adalovelace.es/public3/vendor/cakephp/cakephp/src/Controller/ControllerFactory.php on line 348
Exception Attributes: array (
  'class' => 'Public3',
  'plugin' => NULL,
  'prefix' => NULL,
  '_ext' => NULL,
)
Stack Trace:
- /hosting/www/adalovelace.es/public3/vendor/cakephp/cakephp/src/Controller/ControllerFactory.php:74
- /hosting/www/adalovelace.es/public3/vendor/cakephp/cakephp/src/Http/BaseApplication.php:318
- /hosting/www/adalovelace.es/public3/vendor/cakephp/cakephp/src/Http/Runner.php:77
- /hosting/www/adalovelace.es/public3/vendor/cakephp/cakephp/src/Http/Middleware/CsrfProtectionMiddleware.php:174
- /hosting/www/adalovelace.es/public3/vendor/cakephp/cakephp/src/Http/Runner.php:73
- /hosting/www/adalovelace.es/public3/vendor/cakephp/cakephp/src/Http/Middleware/BodyParserMiddleware.php:157
- /hosting/www/adalovelace.es/public3/vendor/cakephp/cakephp/src/Http/Runner.php:73
- /hosting/www/adalovelace.es/public3/vendor/cakephp/cakephp/src/Routing/Middleware/RoutingMiddleware.php:186
- /hosting/www/adalovelace.es/public3/vendor/cakephp/cakephp/src/Http/Runner.php:73
- /hosting/www/adalovelace.es/public3/vendor/cakephp/cakephp/src/Routing/Middleware/AssetMiddleware.php:77
- /hosting/www/adalovelace.es/public3/vendor/cakephp/cakephp/src/Http/Runner.php:73
- /hosting/www/adalovelace.es/public3/vendor/cakephp/cakephp/src/Error/Middleware/ErrorHandlerMiddleware.php:131
- /hosting/www/adalovelace.es/public3/vendor/cakephp/cakephp/src/Http/Runner.php:73
- /hosting/www/adalovelace.es/public3/vendor/cakephp/debug_kit/src/Middleware/DebugKitMiddleware.php:60
- /hosting/www/adalovelace.es/public3/vendor/cakephp/cakephp/src/Http/Runner.php:73
- /hosting/www/adalovelace.es/public3/vendor/cakephp/cakephp/src/Http/Runner.php:58
- /hosting/www/adalovelace.es/public3/vendor/cakephp/cakephp/src/Http/Server.php:90
- /hosting/www/adalovelace.es/public3/webroot/index.php:39

Request URL: /public3/demo.php
Client IP: 139.47.24.120
